// Spring Shell Unknown Version log opened at 2013-03-14 12:47:25
help
date
system properties
// Spring Shell Unknown Version log opened at 2013-03-14 13:07:46
// Spring Shell Unknown Version log opened at 2013-03-14 18:05:48
// Spring Shell Unknown Version log opened at 2013-03-14 18:08:18
help
// Spring Shell Unknown Version log opened at 2013-03-14 18:10:26
// Spring Shell Unknown Version log opened at 2013-03-14 18:13:30
help
// Spring Shell Unknown Version log opened at 2013-03-14 18:15:32
// Spring Shell Unknown Version log opened at 2013-03-15 15:50:48
help
do nothing
system properties
exit
// Spring Shell Unknown Version log closed at 2013-03-15 15:51:08
// Spring Shell Unknown Version log opened at 2013-04-01 21:52:09
help
exit
// Spring Shell Unknown Version log closed at 2013-04-01 21:52:15
// Spring Shell Unknown Version log opened at 2013-04-08 15:49:32
;
// Spring Shell Unknown Version log opened at 2013-04-08 15:50:09
date
// Spring Shell Unknown Version log opened at 2013-04-08 15:54:11
date
// Spring Shell Unknown Version log opened at 2013-04-08 15:54:40
date
// Spring Shell Unknown Version log opened at 2013-04-08 15:55:16
date
date
date
// Spring Shell Unknown Version log opened at 2013-04-08 15:58:47
date
// Spring Shell Unknown Version log opened at 2013-04-08 18:24:07
date
// Spring Shell Unknown Version log opened at 2013-04-10 16:31:15
date
// Spring Shell Unknown Version log opened at 2013-04-10 16:33:02
date
// Spring Shell Unknown Version log opened at 2013-04-10 16:39:46
date
// Spring Shell Unknown Version log opened at 2013-04-10 16:49:44
date
// Spring Shell Unknown Version log opened at 2013-04-10 16:54:35
date
// Spring Shell Unknown Version log opened at 2013-04-10 17:01:41
date
// Spring Shell Unknown Version log opened at 2013-04-10 17:02:54
date
// Spring Shell Unknown Version log opened at 2013-04-10 17:08:45
date
// Spring Shell Unknown Version log opened at 2013-04-10 17:10:53
date
// Spring Shell Unknown Version log opened at 2013-04-10 17:11:39
date
// Spring Shell Unknown Version log opened at 2013-04-10 17:14:00
date
// Spring Shell Unknown Version log opened at 2013-04-10 17:16:29
date
// Spring Shell Unknown Version log opened at 2013-04-10 17:27:32
date
// Spring Shell Unknown Version log opened at 2013-04-10 17:29:10
date
// Spring Shell Unknown Version log opened at 2013-04-10 17:33:14
date
// Spring Shell Unknown Version log opened at 2013-04-10 17:33:52
date
// Spring Shell Unknown Version log opened at 2013-04-10 17:34:39
date
// Spring Shell Unknown Version log opened at 2013-04-10 17:35:35
date
// Spring Shell Unknown Version log opened at 2013-04-10 17:35:53
date
// Spring Shell Unknown Version log opened at 2013-04-10 17:36:23
date
// Spring Shell Unknown Version log opened at 2013-04-10 17:36:40
date
// Spring Shell Unknown Version log opened at 2013-04-10 17:36:58
date
// Spring Shell Unknown Version log opened at 2013-04-10 17:38:26
date
// Spring Shell Unknown Version log opened at 2013-04-10 17:39:30
date
// Spring Shell Unknown Version log opened at 2013-04-10 17:45:51
date
// Spring Shell Unknown Version log opened at 2013-04-10 17:50:10
date
// Spring Shell Unknown Version log opened at 2013-04-10 17:50:46
date
// Spring Shell Unknown Version log opened at 2013-04-10 17:55:03
date
// Spring Shell Unknown Version log opened at 2013-04-10 18:02:55
date
// Spring Shell Unknown Version log opened at 2013-04-10 18:05:24
date
// Spring Shell Unknown Version log opened at 2013-04-10 18:11:14
date
// Spring Shell Unknown Version log opened at 2013-04-10 18:16:50
date
date
date
// Spring Shell Unknown Version log opened at 2013-04-10 18:17:42
date
// Spring Shell Unknown Version log opened at 2013-04-10 18:18:47
date
// Spring Shell Unknown Version log opened at 2013-04-10 18:20:29
date
// Spring Shell Unknown Version log opened at 2013-04-10 18:22:23
date
// Spring Shell Unknown Version log opened at 2013-04-10 18:24:40
date
// Spring Shell Unknown Version log opened at 2013-04-10 18:24:59
date
// Spring Shell Unknown Version log opened at 2013-04-10 18:26:02
date
date
// Spring Shell Unknown Version log opened at 2013-04-10 18:26:30
date
date
date
// Spring Shell Unknown Version log opened at 2013-04-10 18:26:57
date
// Spring Shell Unknown Version log opened at 2013-04-10 18:27:44
date
// Spring Shell Unknown Version log opened at 2013-04-10 18:28:40
date
// Spring Shell Unknown Version log opened at 2013-04-10 18:28:58
date
// Spring Shell Unknown Version log opened at 2013-04-10 18:29:21
date
// Spring Shell Unknown Version log opened at 2013-04-10 18:30:01
date
// Spring Shell Unknown Version log opened at 2013-04-10 18:30:11
date
// Spring Shell Unknown Version log opened at 2013-04-10 18:30:17
date
// Spring Shell Unknown Version log opened at 2013-04-10 18:31:05
date
// Spring Shell Unknown Version log opened at 2013-04-10 18:31:17
date
// Spring Shell Unknown Version log opened at 2013-04-10 18:31:47
date
// Spring Shell Unknown Version log opened at 2013-04-10 18:31:57
date
date
// Spring Shell Unknown Version log opened at 2013-04-10 18:41:15
date
date
// Spring Shell Unknown Version log opened at 2013-04-10 18:41:34
date
date
// Spring Shell Unknown Version log opened at 2013-04-10 18:41:59
date
date
// Spring Shell Unknown Version log opened at 2013-04-10 18:42:20
date
date
// Spring Shell Unknown Version log opened at 2013-04-10 18:42:56
date
date
